# JRE version: OpenJDK Runtime Environment (21.0.3) (build 21.0.3+-12282718-b509.11)
# Java VM: OpenJDK 64-Bit Server VM (21.0.3+-12282718-b509.11, mixed mode, tiered, compressed oops, compressed class ptrs, g1 gc, windows-amd64)
GC Precious Log:
 CardTable entry size: 512
 Card Set container configuration: InlinePtr #cards 4 size 8 Array Of Cards #cards 16 size 48 Howl #buckets 8 coarsen threshold 3686 Howl Bitmap #cards 512 size 80 coarsen threshold 460 Card regions per heap region 1 cards per card region 4096
 CPUs: 12 total, 12 available
 Memory: 15773M
 Large Page Support: Disabled
 NUMA Support: Disabled
 Compressed Oops: Enabled (Zero based)
 Heap Region Size: 2M
 Heap Min Capacity: 8M
 Heap Initial Capacity: 248M
 Heap Max Capacity: 3944M
 Pre-touch: Disabled
 Parallel Workers: 10
 Concurrent Workers: 3
 Concurrent Refinement Workers: 10
 Periodic GC: Disabled
Heap:
 garbage-first heap   total 190464K, used 151460K [0x0000000709800000, 0x0000000800000000)
  region size 2048K, 39 young (79872K), 6 survivors (12288K)
 Metaspace       used 86115K, committed 87040K, reserved 1179648K
  class space    used 9622K, committed 10048K, reserved 1048576K
GC Heap History (20 events):
Event: 2.904 GC heap before
{Heap before GC invocations=4 (full 0):
 garbage-first heap   total 59392K, used 42195K [0x0000000709800000, 0x0000000800000000)
  region size 2048K, 17 young (34816K), 5 survivors (10240K)
 Metaspace       used 34926K, committed 35200K, reserved 1114112K
  class space    used 4364K, committed 4480K, reserved 1048576K
}
Event: 2.925 GC heap after
{Heap after GC invocations=5 (full 0):
 garbage-first heap   total 61440K, used 23732K [0x0000000709800000, 0x0000000800000000)
  region size 2048K, 3 young (6144K), 3 survivors (6144K)
 Metaspace       used 34926K, committed 35200K, reserved 1114112K
  class space    used 4364K, committed 4480K, reserved 1048576K
}
Event: 2.968 GC heap before
{Heap before GC invocations=5 (full 0):
 garbage-first heap   total 61440K, used 25780K [0x0000000709800000, 0x0000000800000000)
  region size 2048K, 5 young (10240K), 3 survivors (6144K)
 Metaspace       used 35716K, committed 35968K, reserved 1114112K
  class space    used 4437K, committed 4544K, reserved 1048576K
}
Event: 2.980 GC heap after
{Heap after GC invocations=6 (full 0):
 garbage-first heap   total 61440K, used 25274K [0x0000000709800000, 0x0000000800000000)
  region size 2048K, 1 young (2048K), 1 survivors (2048K)
 Metaspace       used 35716K, committed 35968K, reserved 1114112K
  class space    used 4437K, committed 4544K, reserved 1048576K
}
Event: 3.454 GC heap before
{Heap before GC invocations=7 (full 0):
 garbage-first heap   total 61440K, used 49850K [0x0000000709800000, 0x0000000800000000)
  region size 2048K, 13 young (26624K), 1 survivors (2048K)
 Metaspace       used 40032K, committed 40320K, reserved 1114112K
  class space    used 4915K, committed 5056K, reserved 1048576K
}
Event: 3.462 GC heap after
{Heap after GC invocations=8 (full 0):
 garbage-first heap   total 157696K, used 25787K [0x0000000709800000, 0x0000000800000000)
  region size 2048K, 2 young (4096K), 2 survivors (4096K)
 Metaspace       used 40032K, committed 40320K, reserved 1114112K
  class space    used 4915K, committed 5056K, reserved 1048576K
}
Event: 5.093 GC heap before
{Heap before GC invocations=8 (full 0):
 garbage-first heap   total 157696K, used 115899K [0x0000000709800000, 0x0000000800000000)
  region size 2048K, 46 young (94208K), 2 survivors (4096K)
 Metaspace       used 52451K, committed 53184K, reserved 1114112K
  class space    used 6328K, committed 6720K, reserved 1048576K
}
Event: 5.109 GC heap after
{Heap after GC invocations=9 (full 0):
 garbage-first heap   total 157696K, used 34121K [0x0000000709800000, 0x0000000800000000)
  region size 2048K, 5 young (10240K), 5 survivors (10240K)
 Metaspace       used 52451K, committed 53184K, reserved 1114112K
  class space    used 6328K, committed 6720K, reserved 1048576K
}
Event: 6.865 GC heap before
{Heap before GC invocations=9 (full 0):
 garbage-first heap   total 157696K, used 118089K [0x0000000709800000, 0x0000000800000000)
  region size 2048K, 46 young (94208K), 5 survivors (10240K)
 Metaspace       used 59174K, committed 59904K, reserved 1114112K
  class space    used 6932K, committed 7296K, reserved 1048576K
}
Event: 6.892 GC heap after
{Heap after GC invocations=10 (full 0):
 garbage-first heap   total 157696K, used 46971K [0x0000000709800000, 0x0000000800000000)
  region size 2048K, 6 young (12288K), 6 survivors (12288K)
 Metaspace       used 59174K, committed 59904K, reserved 1114112K
  class space    used 6932K, committed 7296K, reserved 1048576K
}
Event: 7.000 GC heap before
{Heap before GC invocations=10 (full 0):
 garbage-first heap   total 157696K, used 55163K [0x0000000709800000, 0x0000000800000000)
  region size 2048K, 11 young (22528K), 6 survivors (12288K)
 Metaspace       used 59521K, committed 60288K, reserved 1114112K
  class space    used 6984K, committed 7360K, reserved 1048576K
}
Event: 7.017 GC heap after
{Heap after GC invocations=11 (full 0):
 garbage-first heap   total 157696K, used 50145K [0x0000000709800000, 0x0000000800000000)
  region size 2048K, 1 young (2048K), 1 survivors (2048K)
 Metaspace       used 59521K, committed 60288K, reserved 1114112K
  class space    used 6984K, committed 7360K, reserved 1048576K
}
Event: 9.277 GC heap before
{Heap before GC invocations=12 (full 0):
 garbage-first heap   total 157696K, used 132065K [0x0000000709800000, 0x0000000800000000)
  region size 2048K, 41 young (83968K), 1 survivors (2048K)
 Metaspace       used 66074K, committed 66944K, reserved 1114112K
  class space    used 7646K, committed 8064K, reserved 1048576K
}
Event: 9.296 GC heap after
{Heap after GC invocations=13 (full 0):
 garbage-first heap   total 157696K, used 59635K [0x0000000709800000, 0x0000000800000000)
  region size 2048K, 6 young (12288K), 6 survivors (12288K)
 Metaspace       used 66074K, committed 66944K, reserved 1114112K
  class space    used 7646K, committed 8064K, reserved 1048576K
}
Event: 11.446 GC heap before
{Heap before GC invocations=13 (full 0):
 garbage-first heap   total 157696K, used 133363K [0x0000000709800000, 0x0000000800000000)
  region size 2048K, 42 young (86016K), 6 survivors (12288K)
 Metaspace       used 73716K, committed 74496K, reserved 1179648K
  class space    used 8306K, committed 8704K, reserved 1048576K
}
Event: 11.471 GC heap after
{Heap after GC invocations=14 (full 0):
 garbage-first heap   total 157696K, used 65278K [0x0000000709800000, 0x0000000800000000)
  region size 2048K, 3 young (6144K), 3 survivors (6144K)
 Metaspace       used 73716K, committed 74496K, reserved 1179648K
  class space    used 8306K, committed 8704K, reserved 1048576K
}
Event: 12.986 GC heap before
{Heap before GC invocations=14 (full 0):
 garbage-first heap   total 157696K, used 136958K [0x0000000709800000, 0x0000000800000000)
  region size 2048K, 38 young (77824K), 3 survivors (6144K)
 Metaspace       used 77405K, committed 78208K, reserved 1179648K
  class space    used 8692K, committed 9088K, reserved 1048576K
}
Event: 13.014 GC heap after
{Heap after GC invocations=15 (full 0):
 garbage-first heap   total 190464K, used 74398K [0x0000000709800000, 0x0000000800000000)
  region size 2048K, 5 young (10240K), 5 survivors (10240K)
 Metaspace       used 77405K, committed 78208K, reserved 1179648K
  class space    used 8692K, committed 9088K, reserved 1048576K
}
Event: 13.618 GC heap before
{Heap before GC invocations=15 (full 0):
 garbage-first heap   total 190464K, used 101022K [0x0000000709800000, 0x0000000800000000)
  region size 2048K, 19 young (38912K), 5 survivors (10240K)
 Metaspace       used 78092K, committed 78912K, reserved 1179648K
  class space    used 8731K, committed 9152K, reserved 1048576K
}
Event: 13.651 GC heap after
{Heap after GC invocations=16 (full 0):
 garbage-first heap   total 190464K, used 85924K [0x0000000709800000, 0x0000000800000000)
  region size 2048K, 6 young (12288K), 6 survivors (12288K)
 Metaspace       used 78092K, committed 78912K, reserved 1179648K
  class space    used 8731K, committed 9152K, reserved 1048576K
}

