# JRE version: OpenJDK Runtime Environment (21.0.3) (build 21.0.3+-12282718-b509.11)
# Java VM: OpenJDK 64-Bit Server VM (21.0.3+-12282718-b509.11, mixed mode, tiered, compressed oops, compressed class ptrs, g1 gc, windows-amd64)
GC Precious Log:
 CardTable entry size: 512
 Card Set container configuration: InlinePtr #cards 4 size 8 Array Of Cards #cards 16 size 48 Howl #buckets 8 coarsen threshold 3686 Howl Bitmap #cards 512 size 80 coarsen threshold 460 Card regions per heap region 1 cards per card region 4096
 CPUs: 12 total, 12 available
 Memory: 15773M
 Large Page Support: Disabled
 NUMA Support: Disabled
 Compressed Oops: Enabled (Zero based)
 Heap Region Size: 2M
 Heap Min Capacity: 8M
 Heap Initial Capacity: 248M
 Heap Max Capacity: 3944M
 Pre-touch: Disabled
 Parallel Workers: 10
 Concurrent Workers: 3
 Concurrent Refinement Workers: 10
 Periodic GC: Disabled
Heap:
 garbage-first heap   total 190464K, used 116320K [0x0000000709800000, 0x0000000800000000)
  region size 2048K, 12 young (24576K), 3 survivors (6144K)
 Metaspace       used 93187K, committed 94080K, reserved 1179648K
  class space    used 10042K, committed 10496K, reserved 1048576K
GC Heap History (20 events):
Event: 5.216 GC heap before
{Heap before GC invocations=8 (full 0):
 garbage-first heap   total 157696K, used 116622K [0x0000000709800000, 0x0000000800000000)
  region size 2048K, 46 young (94208K), 2 survivors (4096K)
 Metaspace       used 52410K, committed 53184K, reserved 1114112K
  class space    used 6324K, committed 6720K, reserved 1048576K
}
Event: 5.235 GC heap after
{Heap after GC invocations=9 (full 0):
 garbage-first heap   total 157696K, used 35026K [0x0000000709800000, 0x0000000800000000)
  region size 2048K, 6 young (12288K), 6 survivors (12288K)
 Metaspace       used 52410K, committed 53184K, reserved 1114112K
  class space    used 6324K, committed 6720K, reserved 1048576K
}
Event: 7.094 GC heap before
{Heap before GC invocations=9 (full 0):
 garbage-first heap   total 157696K, used 116946K [0x0000000709800000, 0x0000000800000000)
  region size 2048K, 46 young (94208K), 6 survivors (12288K)
 Metaspace       used 59192K, committed 59968K, reserved 1114112K
  class space    used 6929K, committed 7296K, reserved 1048576K
}
Event: 7.128 GC heap after
{Heap after GC invocations=10 (full 0):
 garbage-first heap   total 157696K, used 48151K [0x0000000709800000, 0x0000000800000000)
  region size 2048K, 6 young (12288K), 6 survivors (12288K)
 Metaspace       used 59192K, committed 59968K, reserved 1114112K
  class space    used 6929K, committed 7296K, reserved 1048576K
}
Event: 7.264 GC heap before
{Heap before GC invocations=10 (full 0):
 garbage-first heap   total 157696K, used 58391K [0x0000000709800000, 0x0000000800000000)
  region size 2048K, 12 young (24576K), 6 survivors (12288K)
 Metaspace       used 59540K, committed 60288K, reserved 1114112K
  class space    used 6984K, committed 7360K, reserved 1048576K
}
Event: 7.283 GC heap after
{Heap after GC invocations=11 (full 0):
 garbage-first heap   total 157696K, used 50697K [0x0000000709800000, 0x0000000800000000)
  region size 2048K, 1 young (2048K), 1 survivors (2048K)
 Metaspace       used 59540K, committed 60288K, reserved 1114112K
  class space    used 6984K, committed 7360K, reserved 1048576K
}
Event: 9.702 GC heap before
{Heap before GC invocations=12 (full 0):
 garbage-first heap   total 157696K, used 132617K [0x0000000709800000, 0x0000000800000000)
  region size 2048K, 41 young (83968K), 1 survivors (2048K)
 Metaspace       used 66122K, committed 66880K, reserved 1114112K
  class space    used 7642K, committed 8000K, reserved 1048576K
}
Event: 9.719 GC heap after
{Heap after GC invocations=13 (full 0):
 garbage-first heap   total 157696K, used 60617K [0x0000000709800000, 0x0000000800000000)
  region size 2048K, 6 young (12288K), 6 survivors (12288K)
 Metaspace       used 66122K, committed 66880K, reserved 1114112K
  class space    used 7642K, committed 8000K, reserved 1048576K
}
Event: 12.040 GC heap before
{Heap before GC invocations=13 (full 0):
 garbage-first heap   total 157696K, used 134345K [0x0000000709800000, 0x0000000800000000)
  region size 2048K, 42 young (86016K), 6 survivors (12288K)
 Metaspace       used 74001K, committed 74816K, reserved 1179648K
  class space    used 8327K, committed 8704K, reserved 1048576K
}
Event: 12.078 GC heap after
{Heap after GC invocations=14 (full 0):
 garbage-first heap   total 157696K, used 65026K [0x0000000709800000, 0x0000000800000000)
  region size 2048K, 3 young (6144K), 3 survivors (6144K)
 Metaspace       used 74001K, committed 74816K, reserved 1179648K
  class space    used 8327K, committed 8704K, reserved 1048576K
}
Event: 13.554 GC heap before
{Heap before GC invocations=14 (full 0):
 garbage-first heap   total 157696K, used 136706K [0x0000000709800000, 0x0000000800000000)
  region size 2048K, 38 young (77824K), 3 survivors (6144K)
 Metaspace       used 77437K, committed 78272K, reserved 1179648K
  class space    used 8683K, committed 9088K, reserved 1048576K
}
Event: 13.580 GC heap after
{Heap after GC invocations=15 (full 0):
 garbage-first heap   total 190464K, used 74989K [0x0000000709800000, 0x0000000800000000)
  region size 2048K, 5 young (10240K), 5 survivors (10240K)
 Metaspace       used 77437K, committed 78272K, reserved 1179648K
  class space    used 8683K, committed 9088K, reserved 1048576K
}
Event: 14.139 GC heap before
{Heap before GC invocations=15 (full 0):
 garbage-first heap   total 190464K, used 97517K [0x0000000709800000, 0x0000000800000000)
  region size 2048K, 17 young (34816K), 5 survivors (10240K)
 Metaspace       used 78049K, committed 78912K, reserved 1179648K
  class space    used 8718K, committed 9152K, reserved 1048576K
}
Event: 14.176 GC heap after
{Heap after GC invocations=16 (full 0):
 garbage-first heap   total 190464K, used 85830K [0x0000000709800000, 0x0000000800000000)
  region size 2048K, 6 young (12288K), 6 survivors (12288K)
 Metaspace       used 78049K, committed 78912K, reserved 1179648K
  class space    used 8718K, committed 9152K, reserved 1048576K
}
Event: 15.721 GC heap before
{Heap before GC invocations=17 (full 0):
 garbage-first heap   total 190464K, used 153414K [0x0000000709800000, 0x0000000800000000)
  region size 2048K, 39 young (79872K), 6 survivors (12288K)
 Metaspace       used 86037K, committed 86912K, reserved 1179648K
  class space    used 9610K, committed 10048K, reserved 1048576K
}
Event: 15.752 GC heap after
{Heap after GC invocations=18 (full 0):
 garbage-first heap   total 190464K, used 94969K [0x0000000709800000, 0x0000000800000000)
  region size 2048K, 4 young (8192K), 4 survivors (8192K)
 Metaspace       used 86037K, committed 86912K, reserved 1179648K
  class space    used 9610K, committed 10048K, reserved 1048576K
}
Event: 16.797 GC heap before
{Heap before GC invocations=18 (full 0):
 garbage-first heap   total 190464K, used 158457K [0x0000000709800000, 0x0000000800000000)
  region size 2048K, 35 young (71680K), 4 survivors (8192K)
 Metaspace       used 88543K, committed 89472K, reserved 1179648K
  class space    used 9744K, committed 10176K, reserved 1048576K
}
Event: 16.827 GC heap after
{Heap after GC invocations=19 (full 0):
 garbage-first heap   total 190464K, used 96249K [0x0000000709800000, 0x0000000800000000)
  region size 2048K, 2 young (4096K), 2 survivors (4096K)
 Metaspace       used 88543K, committed 89472K, reserved 1179648K
  class space    used 9744K, committed 10176K, reserved 1048576K
}
Event: 18.057 GC heap before
{Heap before GC invocations=19 (full 0):
 garbage-first heap   total 190464K, used 161785K [0x0000000709800000, 0x0000000800000000)
  region size 2048K, 34 young (69632K), 2 survivors (4096K)
 Metaspace       used 92777K, committed 93696K, reserved 1179648K
  class space    used 10025K, committed 10496K, reserved 1048576K
}
Event: 18.075 GC heap after
{Heap after GC invocations=20 (full 0):
 garbage-first heap   total 190464K, used 99936K [0x0000000709800000, 0x0000000800000000)
  region size 2048K, 3 young (6144K), 3 survivors (6144K)
 Metaspace       used 92777K, committed 93696K, reserved 1179648K
  class space    used 10025K, committed 10496K, reserved 1048576K
}

